<?xml version="1.0" encoding="UTF-8"?>
<!-- Generated by org.testng.reporters.JUnitXMLReporter -->
<testsuite ignored="0" hostname="Deths-MacBook-Pro.local" failures="1" tests="9" name="Test" time="0.194" errors="0" timestamp="03 Aug. 2019 22:40:58 GMT">
  <testcase classname="selenium.Testing1" name="f" time="0.03"/>
  <testcase classname="selenium.Testing1" name="f" time="0.001"/>
  <testcase classname="selenium.Testing1" name="test1" time="0.009"/>
  <testcase classname="selenium.Testing1" name="test2" time="0.006"/>
  <testcase classname="selenium.Testing2" name="test3" time="0.002"/>
  <testcase classname="selenium.Testing2" name="test4" time="0.007"/>
  <testcase classname="selenium.Testing3" name="homeTest" time="0.007"/>
  <testcase classname="selenium.Testing3" name="mainTest" time="0.014">
    <failure type="java.lang.AssertionError" message="expected [abc1] but found [abc]">
      <![CDATA[java.lang.AssertionError: expected [abc1] but found [abc]
at selenium.Testing3.mainTest(Testing3.java:25)
... Removed 31 stack frames]]>
    </failure>
  </testcase> <!-- mainTest -->
  <testcase classname="selenium.Testing3" name="endTest" time="0.0">
    <skipped/>
  </testcase> <!-- endTest -->
</testsuite> <!-- Test -->
